d:\prog\cpp\trab3\projetobase\debug\projetobase.pch
d:\prog\cpp\trab3\projetobase\debug\vc140.pdb
d:\prog\cpp\trab3\projetobase\debug\stdafx.obj
d:\prog\cpp\trab3\projetobase\debug\projetobase.obj
d:\prog\cpp\trab3\projetobase\debug\habilidade.obj
d:\prog\cpp\trab3\projetobase\debug\formremoveitem.obj
d:\prog\cpp\trab3\projetobase\debug\formnovo.obj
d:\prog\cpp\trab3\projetobase\debug\formnewequip.obj
d:\prog\cpp\trab3\projetobase\debug\formhabilidades.obj
d:\prog\cpp\trab3\projetobase\debug\formd6.obj
d:\prog\cpp\trab3\projetobase\debug\equipamento.obj
d:\prog\cpp\trab3\projetobase\debug\assemblyinfo.obj
d:\prog\cpp\trab3\projetobase\debug\.netframework,version=v4.5.2.assemblyattributes.obj
d:\prog\cpp\trab3\projetobase\debug\.netframework,version=v4.5.2.assemblyattributes.asm
d:\prog\cpp\trab3\projetobase\debug\formdb.obj
d:\prog\cpp\trab3\debug\projetobase.exe
d:\prog\cpp\trab3\debug\projetobase.pdb
d:\prog\cpp\trab3\projetobase\debug\projetobase.tlog\metagen.write.1.tlog
d:\prog\cpp\trab3\debug\devart.data.dll
d:\prog\cpp\trab3\debug\devart.data.postgresql.dll
d:\prog\cpp\trab3\debug\devart.data.postgresql.xml
d:\prog\cpp\trab3\projetobase\debug\projetobase.formd6.resources
d:\prog\cpp\trab3\projetobase\debug\projetobase.formhabilidades.resources
d:\prog\cpp\trab3\projetobase\debug\projetobase.formmain.resources
d:\prog\cpp\trab3\projetobase\debug\projetobase.formficha.resources
d:\prog\cpp\trab3\projetobase\debug\projetobase.formnewequip.resources
d:\prog\cpp\trab3\projetobase\debug\projetobase.formnovo.resources
d:\prog\cpp\trab3\projetobase\debug\projetobase.formremoveitem.resources
d:\prog\cpp\trab3\projetobase\debug\projetobase.formdb.resources
d:\prog\cpp\trab3\projetobase\debug\app.res
d:\prog\cpp\trab3\projetobase\debug\projetobase.vcxproj.generateresource.cache
d:\prog\cpp\trab3\projetobase\debug\projetobase.vcxprojresolveassemblyreference.cache
d:\prog\cpp\trab3\projetobase\debug\projetobase.tlog\cl.command.1.tlog
d:\prog\cpp\trab3\projetobase\debug\projetobase.tlog\cl.read.1.tlog
d:\prog\cpp\trab3\projetobase\debug\projetobase.tlog\cl.write.1.tlog
d:\prog\cpp\trab3\projetobase\debug\projetobase.tlog\link.command.1.tlog
d:\prog\cpp\trab3\projetobase\debug\projetobase.tlog\link.read.1.tlog
d:\prog\cpp\trab3\projetobase\debug\projetobase.tlog\link.write.1.tlog
d:\prog\cpp\trab3\projetobase\debug\projetobase.tlog\metagen.read.1.tlog
d:\prog\cpp\trab3\projetobase\debug\projetobase.tlog\projetobase.write.1u.tlog
d:\prog\cpp\trab3\projetobase\debug\projetobase.tlog\rc.command.1.tlog
d:\prog\cpp\trab3\projetobase\debug\projetobase.tlog\rc.read.1.tlog
d:\prog\cpp\trab3\projetobase\debug\projetobase.tlog\rc.write.1.tlog
d:\prog\cpp\trab3\projetobase\debug\projetobase.tlog\devart.data.dll.metagen
d:\prog\cpp\trab3\projetobase\debug\projetobase.tlog\devart.data.postgresql.dll.metagen
d:\prog\cpp\trab3\projetobase\debug\projetobase.tlog\tzres.dll.bi
